<?xml version="1.0" encoding="UTF-8"?>
<testsuite xmlns:xsi="http://www.w3.org/2001/XMLSchema-instance" xsi:schemaLocation="https://maven.apache.org/surefire/maven-surefire-plugin/xsd/surefire-test-report.xsd" name="com.jaemzware.UsersGetSpecificUserHappyPath" time="3.441" tests="1" errors="0" skipped="0" failures="1">
  <properties>
    <property name="java.runtime.name" value="Java(TM) SE Runtime Environment"/>
    <property name="sun.boot.library.path" value="/Library/Java/JavaVirtualMachines/jdk1.8.0_45.jdk/Contents/Home/jre/lib"/>
    <property name="java.vm.version" value="25.45-b02"/>
    <property name="gopherProxySet" value="false"/>
    <property name="java.vm.vendor" value="Oracle Corporation"/>
    <property name="maven.multiModuleProjectDirectory" value="/Users/jameskarasim/Downloads/installed/repositories/RESTAssuredStandalone"/>
    <property name="java.vendor.url" value="http://java.oracle.com/"/>
    <property name="path.separator" value=":"/>
    <property name="guice.disable.misplaced.annotation.check" value="true"/>
    <property name="java.vm.name" value="Java HotSpot(TM) 64-Bit Server VM"/>
    <property name="file.encoding.pkg" value="sun.io"/>
    <property name="user.country" value="US"/>
    <property name="sun.java.launcher" value="SUN_STANDARD"/>
    <property name="sun.os.patch.level" value="unknown"/>
    <property name="test" value="UsersGetSpecificUserHappyPath"/>
    <property name="java.vm.specification.name" value="Java Virtual Machine Specification"/>
    <property name="user.dir" value="/Users/jameskarasim/Downloads/installed/repositories/RESTAssuredStandalone"/>
    <property name="java.runtime.version" value="1.8.0_45-b14"/>
    <property name="java.awt.graphicsenv" value="sun.awt.CGraphicsEnvironment"/>
    <property name="java.endorsed.dirs" value="/Library/Java/JavaVirtualMachines/jdk1.8.0_45.jdk/Contents/Home/jre/lib/endorsed"/>
    <property name="os.arch" value="x86_64"/>
    <property name="java.io.tmpdir" value="/var/folders/2v/_37nrjt5655fc4zbvn61yqkc0000gn/T/"/>
    <property name="line.separator" value="&#10;"/>
    <property name="java.vm.specification.vendor" value="Oracle Corporation"/>
    <property name="os.name" value="Mac OS X"/>
    <property name="classworlds.conf" value="/Users/jameskarasim/Downloads/installed/apache-maven-3.3.9/bin/m2.conf"/>
    <property name="sun.jnu.encoding" value="UTF-8"/>
    <property name="java.library.path" value="/Users/jameskarasim/Library/Java/Extensions:/Library/Java/Extensions:/Network/Library/Java/Extensions:/System/Library/Java/Extensions:/usr/lib/java:."/>
    <property name="java.specification.name" value="Java Platform API Specification"/>
    <property name="java.class.version" value="52.0"/>
    <property name="sun.management.compiler" value="HotSpot 64-Bit Tiered Compilers"/>
    <property name="os.version" value="10.12.5"/>
    <property name="http.nonProxyHosts" value="local|*.local|169.254/16|*.169.254/16"/>
    <property name="user.home" value="/Users/jameskarasim"/>
    <property name="user.timezone" value="America/Boise"/>
    <property name="java.awt.printerjob" value="sun.lwawt.macosx.CPrinterJob"/>
    <property name="java.specification.version" value="1.8"/>
    <property name="file.encoding" value="UTF-8"/>
    <property name="user.name" value="jameskarasim"/>
    <property name="java.class.path" value="/Users/jameskarasim/Downloads/installed/apache-maven-3.3.9/boot/plexus-classworlds-2.5.2.jar"/>
    <property name="java.vm.specification.version" value="1.8"/>
    <property name="sun.arch.data.model" value="64"/>
    <property name="java.home" value="/Library/Java/JavaVirtualMachines/jdk1.8.0_45.jdk/Contents/Home/jre"/>
    <property name="sun.java.command" value="org.codehaus.plexus.classworlds.launcher.Launcher -Dtest=UsersGetSpecificUserHappyPath test"/>
    <property name="java.specification.vendor" value="Oracle Corporation"/>
    <property name="user.language" value="en"/>
    <property name="awt.toolkit" value="sun.lwawt.macosx.LWCToolkit"/>
    <property name="java.vm.info" value="mixed mode"/>
    <property name="java.version" value="1.8.0_45"/>
    <property name="java.ext.dirs" value="/Users/jameskarasim/Library/Java/Extensions:/Library/Java/JavaVirtualMachines/jdk1.8.0_45.jdk/Contents/Home/jre/lib/ext:/Library/Java/Extensions:/Network/Library/Java/Extensions:/System/Library/Java/Extensions:/usr/lib/java"/>
    <property name="sun.boot.class.path" value="/Library/Java/JavaVirtualMachines/jdk1.8.0_45.jdk/Contents/Home/jre/lib/resources.jar:/Library/Java/JavaVirtualMachines/jdk1.8.0_45.jdk/Contents/Home/jre/lib/rt.jar:/Library/Java/JavaVirtualMachines/jdk1.8.0_45.jdk/Contents/Home/jre/lib/sunrsasign.jar:/Library/Java/JavaVirtualMachines/jdk1.8.0_45.jdk/Contents/Home/jre/lib/jsse.jar:/Library/Java/JavaVirtualMachines/jdk1.8.0_45.jdk/Contents/Home/jre/lib/jce.jar:/Library/Java/JavaVirtualMachines/jdk1.8.0_45.jdk/Contents/Home/jre/lib/charsets.jar:/Library/Java/JavaVirtualMachines/jdk1.8.0_45.jdk/Contents/Home/jre/lib/jfr.jar:/Library/Java/JavaVirtualMachines/jdk1.8.0_45.jdk/Contents/Home/jre/classes"/>
    <property name="java.vendor" value="Oracle Corporation"/>
    <property name="maven.home" value="/Users/jameskarasim/Downloads/installed/apache-maven-3.3.9"/>
    <property name="file.separator" value="/"/>
    <property name="java.vendor.url.bug" value="http://bugreport.sun.com/bugreport/"/>
    <property name="sun.cpu.endian" value="little"/>
    <property name="sun.io.unicode.encoding" value="UnicodeBig"/>
    <property name="socksNonProxyHosts" value="local|*.local|169.254/16|*.169.254/16"/>
    <property name="ftp.nonProxyHosts" value="local|*.local|169.254/16|*.169.254/16"/>
    <property name="sun.cpu.isalist" value=""/>
  </properties>
  <testcase name="UsersGetSpecificUserHappyPathTest" classname="com.jaemzware.UsersGetSpecificUserHappyPath" time="2.008">
    <failure message="1 expectation failed.&#10;Expected response time was not a value less than &lt;1500L&gt; milliseconds, was 1530 milliseconds (1530 milliseconds)." type="java.lang.AssertionError"><![CDATA[java.lang.AssertionError: 
1 expectation failed.
Expected response time was not a value less than <1500L> milliseconds, was 1530 milliseconds (1530 milliseconds).
	at com.jaemzware.UsersGetSpecificUserHappyPath.UsersGetSpecificUserHappyPathTest(UsersGetSpecificUserHappyPath.java:20)
]]></failure>
    <system-out><![CDATA[HTTP/1.1 200 OK
Date: Thu, 20 Jul 2017 18:51:16 GMT
Content-Type: application/json; charset=utf-8
Transfer-Encoding: chunked
Server: GitHub.com
Status: 200 OK
X-RateLimit-Limit: 60
X-RateLimit-Remaining: 50
X-RateLimit-Reset: 1500578783
Cache-Control: public, max-age=60, s-maxage=60
Vary: Accept
ETag: W/"b4a0e81dcb1a2e551f04009b1ae453c5"
Last-Modified: Thu, 20 Jul 2017 18:50:57 GMT
X-GitHub-Media-Type: github.v3; format=json
Access-Control-Expose-Headers: ETag, Link, X-GitHub-OTP, X-RateLimit-Limit, X-RateLimit-Remaining, X-RateLimit-Reset, X-OAuth-Scopes, X-Accepted-OAuth-Scopes, X-Poll-Interval
Access-Control-Allow-Origin: *
Content-Security-Policy: default-src 'none'
Strict-Transport-Security: max-age=31536000; includeSubdomains; preload
X-Content-Type-Options: nosniff
X-Frame-Options: deny
X-XSS-Protection: 1; mode=block
X-Runtime-rack: 0.031987
Content-Encoding: gzip
Vary: Accept-Encoding
X-GitHub-Request-Id: EAFC:12CF8:AC8DC:E7820:5970FBA4

{
    "login": "jimarasim",
    "id": 2319417,
    "avatar_url": "https://avatars3.githubusercontent.com/u/2319417?v=4",
    "gravatar_id": "",
    "url": "https://api.github.com/users/jimarasim",
    "html_url": "https://github.com/jimarasim",
    "followers_url": "https://api.github.com/users/jimarasim/followers",
    "following_url": "https://api.github.com/users/jimarasim/following{/other_user}",
    "gists_url": "https://api.github.com/users/jimarasim/gists{/gist_id}",
    "starred_url": "https://api.github.com/users/jimarasim/starred{/owner}{/repo}",
    "subscriptions_url": "https://api.github.com/users/jimarasim/subscriptions",
    "organizations_url": "https://api.github.com/users/jimarasim/orgs",
    "repos_url": "https://api.github.com/users/jimarasim/repos",
    "events_url": "https://api.github.com/users/jimarasim/events{/privacy}",
    "received_events_url": "https://api.github.com/users/jimarasim/received_events",
    "type": "User",
    "site_admin": false,
    "name": "Jim Arasim",
    "company": "Jaemzware",
    "blog": "https://seattlerules.com",
    "location": "Seattle",
    "email": null,
    "hireable": null,
    "bio": null,
    "public_repos": 0,
    "public_gists": 0,
    "followers": 1,
    "following": 0,
    "created_at": "2012-09-10T18:19:00Z",
    "updated_at": "2017-07-20T18:50:57Z"
}
]]></system-out>
  </testcase>
</testsuite>