<?xml version="1.0" encoding="UTF-8"?>
<testsuite xmlns:xsi="http://www.w3.org/2001/XMLSchema-instance" xsi:noNamespaceSchemaLocation="https://maven.apache.org/surefire/maven-surefire-plugin/xsd/surefire-test-report.xsd" name="TestSuite" time="26.341" tests="10" errors="0" skipped="0" failures="1">
  <properties>
    <property name="java.specification.version" value="18"/>
    <property name="sun.jnu.encoding" value="UTF-8"/>
    <property name="java.class.path" value="/Users/jameskennetharasim/Downloads/installed/repositories/RESTAssuredStandalone/target/test-classes:/Users/jameskennetharasim/Downloads/installed/repositories/RESTAssuredStandalone/target/classes:/Users/jameskennetharasim/.m2/repository/org/hamcrest/java-hamcrest/2.0.0.0/java-hamcrest-2.0.0.0.jar:/Users/jameskennetharasim/.m2/repository/org/testng/testng/6.8/testng-6.8.jar:/Users/jameskennetharasim/.m2/repository/junit/junit/4.10/junit-4.10.jar:/Users/jameskennetharasim/.m2/repository/org/beanshell/bsh/2.0b4/bsh-2.0b4.jar:/Users/jameskennetharasim/.m2/repository/com/beust/jcommander/1.27/jcommander-1.27.jar:/Users/jameskennetharasim/.m2/repository/org/yaml/snakeyaml/1.6/snakeyaml-1.6.jar:/Users/jameskennetharasim/.m2/repository/io/rest-assured/rest-assured/3.0.3/rest-assured-3.0.3.jar:/Users/jameskennetharasim/.m2/repository/org/codehaus/groovy/groovy/2.4.9/groovy-2.4.9.jar:/Users/jameskennetharasim/.m2/repository/org/codehaus/groovy/groovy-xml/2.4.9/groovy-xml-2.4.9.jar:/Users/jameskennetharasim/.m2/repository/org/apache/httpcomponents/httpclient/4.5.2/httpclient-4.5.2.jar:/Users/jameskennetharasim/.m2/repository/org/apache/httpcomponents/httpcore/4.4.4/httpcore-4.4.4.jar:/Users/jameskennetharasim/.m2/repository/commons-logging/commons-logging/1.2/commons-logging-1.2.jar:/Users/jameskennetharasim/.m2/repository/commons-codec/commons-codec/1.9/commons-codec-1.9.jar:/Users/jameskennetharasim/.m2/repository/org/apache/httpcomponents/httpmime/4.5.1/httpmime-4.5.1.jar:/Users/jameskennetharasim/.m2/repository/org/hamcrest/hamcrest-core/1.3/hamcrest-core-1.3.jar:/Users/jameskennetharasim/.m2/repository/org/hamcrest/hamcrest-library/1.3/hamcrest-library-1.3.jar:/Users/jameskennetharasim/.m2/repository/org/ccil/cowan/tagsoup/tagsoup/1.2.1/tagsoup-1.2.1.jar:/Users/jameskennetharasim/.m2/repository/io/rest-assured/json-path/3.0.3/json-path-3.0.3.jar:/Users/jameskennetharasim/.m2/repository/org/codehaus/groovy/groovy-json/2.4.9/groovy-json-2.4.9.jar:/Users/jameskennetharasim/.m2/repository/io/rest-assured/rest-assured-common/3.0.3/rest-assured-common-3.0.3.jar:/Users/jameskennetharasim/.m2/repository/io/rest-assured/xml-path/3.0.3/xml-path-3.0.3.jar:/Users/jameskennetharasim/.m2/repository/org/apache/commons/commons-lang3/3.4/commons-lang3-3.4.jar:/Users/jameskennetharasim/.m2/repository/javax/xml/bind/jaxb-api/2.4.0-b180830.0359/jaxb-api-2.4.0-b180830.0359.jar:/Users/jameskennetharasim/.m2/repository/javax/activation/javax.activation-api/1.2.0/javax.activation-api-1.2.0.jar:/Users/jameskennetharasim/.m2/repository/org/glassfish/jaxb/jaxb-runtime/2.4.0-b180830.0438/jaxb-runtime-2.4.0-b180830.0438.jar:/Users/jameskennetharasim/.m2/repository/org/glassfish/jaxb/txw2/2.4.0-b180830.0438/txw2-2.4.0-b180830.0438.jar:/Users/jameskennetharasim/.m2/repository/com/sun/istack/istack-commons-runtime/3.0.7/istack-commons-runtime-3.0.7.jar:/Users/jameskennetharasim/.m2/repository/org/jvnet/staxex/stax-ex/1.8/stax-ex-1.8.jar:/Users/jameskennetharasim/.m2/repository/com/sun/xml/fastinfoset/FastInfoset/1.2.15/FastInfoset-1.2.15.jar:/Users/jameskennetharasim/.m2/repository/org/apache/maven/surefire/surefire-testng-utils/2.21.0/surefire-testng-utils-2.21.0.jar:/Users/jameskennetharasim/.m2/repository/org/apache/maven/surefire/surefire-grouper/2.21.0/surefire-grouper-2.21.0.jar:"/>
    <property name="java.vm.vendor" value="Homebrew"/>
    <property name="sun.arch.data.model" value="64"/>
    <property name="java.vendor.url" value="https://github.com/Homebrew/homebrew-core/issues"/>
    <property name="os.name" value="Mac OS X"/>
    <property name="java.vm.specification.version" value="18"/>
    <property name="sun.java.launcher" value="SUN_STANDARD"/>
    <property name="user.country" value="US"/>
    <property name="sun.boot.library.path" value="/opt/homebrew/Cellar/openjdk/18.0.2/libexec/openjdk.jdk/Contents/Home/lib"/>
    <property name="sun.java.command" value="/Users/jameskennetharasim/Downloads/installed/repositories/RESTAssuredStandalone/target/surefire/surefirebooter15630195722450150485.jar /Users/jameskennetharasim/Downloads/installed/repositories/RESTAssuredStandalone/target/surefire 2023-06-11T12-03-23_702-jvmRun1 surefire9955223701965430531tmp surefire_011404102615978780865tmp"/>
    <property name="http.nonProxyHosts" value="local|*.local|169.254/16|*.169.254/16"/>
    <property name="jdk.debug" value="release"/>
    <property name="surefire.test.class.path" value="/Users/jameskennetharasim/Downloads/installed/repositories/RESTAssuredStandalone/target/test-classes:/Users/jameskennetharasim/Downloads/installed/repositories/RESTAssuredStandalone/target/classes:/Users/jameskennetharasim/.m2/repository/org/hamcrest/java-hamcrest/2.0.0.0/java-hamcrest-2.0.0.0.jar:/Users/jameskennetharasim/.m2/repository/org/testng/testng/6.8/testng-6.8.jar:/Users/jameskennetharasim/.m2/repository/junit/junit/4.10/junit-4.10.jar:/Users/jameskennetharasim/.m2/repository/org/beanshell/bsh/2.0b4/bsh-2.0b4.jar:/Users/jameskennetharasim/.m2/repository/com/beust/jcommander/1.27/jcommander-1.27.jar:/Users/jameskennetharasim/.m2/repository/org/yaml/snakeyaml/1.6/snakeyaml-1.6.jar:/Users/jameskennetharasim/.m2/repository/io/rest-assured/rest-assured/3.0.3/rest-assured-3.0.3.jar:/Users/jameskennetharasim/.m2/repository/org/codehaus/groovy/groovy/2.4.9/groovy-2.4.9.jar:/Users/jameskennetharasim/.m2/repository/org/codehaus/groovy/groovy-xml/2.4.9/groovy-xml-2.4.9.jar:/Users/jameskennetharasim/.m2/repository/org/apache/httpcomponents/httpclient/4.5.2/httpclient-4.5.2.jar:/Users/jameskennetharasim/.m2/repository/org/apache/httpcomponents/httpcore/4.4.4/httpcore-4.4.4.jar:/Users/jameskennetharasim/.m2/repository/commons-logging/commons-logging/1.2/commons-logging-1.2.jar:/Users/jameskennetharasim/.m2/repository/commons-codec/commons-codec/1.9/commons-codec-1.9.jar:/Users/jameskennetharasim/.m2/repository/org/apache/httpcomponents/httpmime/4.5.1/httpmime-4.5.1.jar:/Users/jameskennetharasim/.m2/repository/org/hamcrest/hamcrest-core/1.3/hamcrest-core-1.3.jar:/Users/jameskennetharasim/.m2/repository/org/hamcrest/hamcrest-library/1.3/hamcrest-library-1.3.jar:/Users/jameskennetharasim/.m2/repository/org/ccil/cowan/tagsoup/tagsoup/1.2.1/tagsoup-1.2.1.jar:/Users/jameskennetharasim/.m2/repository/io/rest-assured/json-path/3.0.3/json-path-3.0.3.jar:/Users/jameskennetharasim/.m2/repository/org/codehaus/groovy/groovy-json/2.4.9/groovy-json-2.4.9.jar:/Users/jameskennetharasim/.m2/repository/io/rest-assured/rest-assured-common/3.0.3/rest-assured-common-3.0.3.jar:/Users/jameskennetharasim/.m2/repository/io/rest-assured/xml-path/3.0.3/xml-path-3.0.3.jar:/Users/jameskennetharasim/.m2/repository/org/apache/commons/commons-lang3/3.4/commons-lang3-3.4.jar:/Users/jameskennetharasim/.m2/repository/javax/xml/bind/jaxb-api/2.4.0-b180830.0359/jaxb-api-2.4.0-b180830.0359.jar:/Users/jameskennetharasim/.m2/repository/javax/activation/javax.activation-api/1.2.0/javax.activation-api-1.2.0.jar:/Users/jameskennetharasim/.m2/repository/org/glassfish/jaxb/jaxb-runtime/2.4.0-b180830.0438/jaxb-runtime-2.4.0-b180830.0438.jar:/Users/jameskennetharasim/.m2/repository/org/glassfish/jaxb/txw2/2.4.0-b180830.0438/txw2-2.4.0-b180830.0438.jar:/Users/jameskennetharasim/.m2/repository/com/sun/istack/istack-commons-runtime/3.0.7/istack-commons-runtime-3.0.7.jar:/Users/jameskennetharasim/.m2/repository/org/jvnet/staxex/stax-ex/1.8/stax-ex-1.8.jar:/Users/jameskennetharasim/.m2/repository/com/sun/xml/fastinfoset/FastInfoset/1.2.15/FastInfoset-1.2.15.jar:/Users/jameskennetharasim/.m2/repository/org/apache/maven/surefire/surefire-testng-utils/2.21.0/surefire-testng-utils-2.21.0.jar:/Users/jameskennetharasim/.m2/repository/org/apache/maven/surefire/surefire-grouper/2.21.0/surefire-grouper-2.21.0.jar:"/>
    <property name="sun.cpu.endian" value="little"/>
    <property name="user.home" value="/Users/jameskennetharasim"/>
    <property name="user.language" value="en"/>
    <property name="java.specification.vendor" value="Oracle Corporation"/>
    <property name="java.version.date" value="2022-07-19"/>
    <property name="java.home" value="/opt/homebrew/Cellar/openjdk/18.0.2/libexec/openjdk.jdk/Contents/Home"/>
    <property name="file.separator" value="/"/>
    <property name="basedir" value="/Users/jameskennetharasim/Downloads/installed/repositories/RESTAssuredStandalone"/>
    <property name="java.vm.compressedOopsMode" value="Zero based"/>
    <property name="line.separator" value="&#10;"/>
    <property name="java.vm.specification.vendor" value="Oracle Corporation"/>
    <property name="java.specification.name" value="Java Platform API Specification"/>
    <property name="apple.awt.application.name" value="ForkedBooter"/>
    <property name="surefire.real.class.path" value="/Users/jameskennetharasim/Downloads/installed/repositories/RESTAssuredStandalone/target/surefire/surefirebooter15630195722450150485.jar"/>
    <property name="sun.management.compiler" value="HotSpot 64-Bit Tiered Compilers"/>
    <property name="ftp.nonProxyHosts" value="local|*.local|169.254/16|*.169.254/16"/>
    <property name="java.runtime.version" value="18.0.2+0"/>
    <property name="user.name" value="jameskennetharasim"/>
    <property name="path.separator" value=":"/>
    <property name="os.version" value="13.4"/>
    <property name="java.runtime.name" value="OpenJDK Runtime Environment"/>
    <property name="file.encoding" value="UTF-8"/>
    <property name="java.vm.name" value="OpenJDK 64-Bit Server VM"/>
    <property name="java.vendor.version" value="Homebrew"/>
    <property name="localRepository" value="/Users/jameskennetharasim/.m2/repository"/>
    <property name="java.vendor.url.bug" value="https://github.com/Homebrew/homebrew-core/issues"/>
    <property name="java.io.tmpdir" value="/var/folders/l_/qnqhnvzx20g2l5mq89h89dp80000gp/T/"/>
    <property name="java.version" value="18.0.2"/>
    <property name="user.dir" value="/Users/jameskennetharasim/Downloads/installed/repositories/RESTAssuredStandalone"/>
    <property name="os.arch" value="aarch64"/>
    <property name="java.vm.specification.name" value="Java Virtual Machine Specification"/>
    <property name="native.encoding" value="UTF-8"/>
    <property name="java.library.path" value="/Users/jameskennetharasim/Library/Java/Extensions:/Library/Java/Extensions:/Network/Library/Java/Extensions:/System/Library/Java/Extensions:/usr/lib/java:."/>
    <property name="java.vm.info" value="mixed mode, sharing"/>
    <property name="java.vendor" value="Homebrew"/>
    <property name="java.vm.version" value="18.0.2+0"/>
    <property name="sun.io.unicode.encoding" value="UnicodeBig"/>
    <property name="socksNonProxyHosts" value="local|*.local|169.254/16|*.169.254/16"/>
    <property name="java.class.version" value="62.0"/>
  </properties>
  <testcase name="BranchesGetAnonymousHappyPathTest" classname="com.jaemzware.BranchesGetAnonymousHappyPath" time="7.065"/>
  <testcase name="BranchesGetAuthenticatedHappyPathTest" classname="com.jaemzware.BranchesGetAuthenticatedHappyPath" time="6.04"/>
  <testcase name="ReposGetAnonymousHappyPathTest" classname="com.jaemzware.ReposGetAnonymousHappyPath" time="1.105"/>
  <testcase name="ReposGetAuthenticatedHappyPathTest" classname="com.jaemzware.ReposGetAuthenticatedHappyPath" time="0.779"/>
  <testcase name="ReposNegPostAnonymousTest" classname="com.jaemzware.ReposNegPostAnonymous" time="0.001"/>
  <testcase name="StuffedAnimalWarPostHappyPathTest" classname="com.jaemzware.StuffedAnimalWarAllPasswords" time="4.691"/>
  <testcase name="StuffedAnimalWarPostHappyPathTest" classname="com.jaemzware.StuffedAnimalWarPostHappyPath" time="0.863"/>
  <testcase name="UserGetHappyPathTest" classname="com.jaemzware.UserGetHappyPath" time="0.13"/>
  <testcase name="UserNegNotAuthorizedTest" classname="com.jaemzware.UserNegNotAuthorized" time="0.145">
    <failure message="could not access constructor: private java.lang.AssertionError(java.lang.String) with arguments: [1 expectation failed.&#10;Expected status code &lt;401&gt; but was &lt;200&gt;.&#10;] reason: java.lang.IllegalAccessException: class org.codehaus.groovy.reflection.CachedConstructor cannot access a member of class java.lang.AssertionError (in module java.base) with modifiers &quot;private&quot;" type="groovy.lang.GroovyRuntimeException"><![CDATA[groovy.lang.GroovyRuntimeException: 
could not access constructor: private java.lang.AssertionError(java.lang.String) with arguments: [1 expectation failed.
Expected status code <401> but was <200>.
] reason: java.lang.IllegalAccessException: class org.codehaus.groovy.reflection.CachedConstructor cannot access a member of class java.lang.AssertionError (in module java.base) with modifiers "private"
	at com.jaemzware.UserNegNotAuthorized.UserNegNotAuthorizedTest(UserNegNotAuthorized.java:18)
]]></failure>
    <system-out><![CDATA[HTTP/1.1 200 OK
Server: GitHub.com
Date: Sun, 11 Jun 2023 19:03:44 GMT
Content-Type: application/json; charset=utf-8
Transfer-Encoding: chunked
Cache-Control: private, max-age=60, s-maxage=60
Vary: Accept, Authorization, Cookie, X-GitHub-OTP
ETag: W/"067fe0353d8ee8a2d61f00805c061852bbc3107e33f65db6249bd148af2b39ef"
Last-Modified: Sun, 07 May 2023 07:23:20 GMT
X-OAuth-Scopes: repo
X-Accepted-OAuth-Scopes: 
github-authentication-token-expiration: 2023-09-08 00:47:58 UTC
X-GitHub-Media-Type: github.v3; format=json
x-github-api-version-selected: 2022-11-28
X-RateLimit-Limit: 5000
X-RateLimit-Remaining: 4895
X-RateLimit-Reset: 1686513236
X-RateLimit-Used: 105
X-RateLimit-Resource: core
Access-Control-Expose-Headers: ETag, Link, Location, Retry-After, X-GitHub-OTP, X-RateLimit-Limit, X-RateLimit-Remaining, X-RateLimit-Used, X-RateLimit-Resource, X-RateLimit-Reset, X-OAuth-Scopes, X-Accepted-OAuth-Scopes, X-Poll-Interval, X-GitHub-Media-Type, X-GitHub-SSO, X-GitHub-Request-Id, Deprecation, Sunset
Access-Control-Allow-Origin: *
Strict-Transport-Security: max-age=31536000; includeSubdomains; preload
X-Frame-Options: deny
X-Content-Type-Options: nosniff
X-XSS-Protection: 0
Referrer-Policy: origin-when-cross-origin, strict-origin-when-cross-origin
Content-Security-Policy: default-src 'none'
Vary: Accept-Encoding, Accept, X-Requested-With
Content-Encoding: gzip
X-GitHub-Request-Id: E3D0:063C:45B86C2:48AD0F3:64861A90

{
    "login": "jimarasim",
    "id": 2319417,
    "node_id": "MDQ6VXNlcjIzMTk0MTc=",
    "avatar_url": "https://avatars.githubusercontent.com/u/2319417?v=4",
    "gravatar_id": "",
    "url": "https://api.github.com/users/jimarasim",
    "html_url": "https://github.com/jimarasim",
    "followers_url": "https://api.github.com/users/jimarasim/followers",
    "following_url": "https://api.github.com/users/jimarasim/following{/other_user}",
    "gists_url": "https://api.github.com/users/jimarasim/gists{/gist_id}",
    "starred_url": "https://api.github.com/users/jimarasim/starred{/owner}{/repo}",
    "subscriptions_url": "https://api.github.com/users/jimarasim/subscriptions",
    "organizations_url": "https://api.github.com/users/jimarasim/orgs",
    "repos_url": "https://api.github.com/users/jimarasim/repos",
    "events_url": "https://api.github.com/users/jimarasim/events{/privacy}",
    "received_events_url": "https://api.github.com/users/jimarasim/received_events",
    "type": "User",
    "site_admin": false,
    "name": "James Arasim",
    "company": "Jaemzware",
    "blog": "https://stuffedanimalwar.com",
    "location": "Seattle",
    "email": null,
    "hireable": null,
    "bio": "Resides in Seattle, WA",
    "twitter_username": null,
    "public_repos": 38,
    "public_gists": 0,
    "followers": 3,
    "following": 1,
    "created_at": "2012-09-10T18:19:00Z",
    "updated_at": "2023-05-07T07:23:20Z"
}
]]></system-out>
  </testcase>
  <testcase name="UsersGetSpecificUserHappyPathTest" classname="com.jaemzware.UsersGetSpecificUserHappyPath" time="0.148"/>
</testsuite>