<?xml version="1.0" encoding="UTF-8"?>
<!-- Generated by org.testng.reporters.JUnitReportReporter -->
<testsuite hostname="computer.local" name="com.jaemzware.ReposNegPostAnonymous" tests="1" failures="0" timestamp="21 Jul 2017 17:22:57 GMT" time="0.395" errors="0">
  <testcase name="ReposNegPostAnonymousTest" time="0.395" classname="com.jaemzware.ReposNegPostAnonymous"/>
</testsuite> <!-- com.jaemzware.ReposNegPostAnonymous -->
