<?xml version="1.0" encoding="UTF-8"?>
<!-- Generated by org.testng.reporters.JUnitReportReporter -->
<testsuite hostname="computer.local" name="com.jaemzware.BranchesGetAnonymousHappyPath" tests="1" failures="0" timestamp="21 Jul 2017 17:22:57 GMT" time="14.796" errors="0">
  <testcase name="BranchesGetAnonymousHappyPathTest" time="14.796" classname="com.jaemzware.BranchesGetAnonymousHappyPath"/>
</testsuite> <!-- com.jaemzware.BranchesGetAnonymousHappyPath -->
