<?xml version="1.0" encoding="UTF-8"?>
<!-- Generated by org.testng.reporters.JUnitReportReporter -->
<testsuite hostname="computer.local" name="com.jaemzware.UserPostHappyPath" tests="1" failures="0" timestamp="21 Jul 2017 17:22:57 GMT" time="1.393" errors="0">
  <testcase name="UserPostHappyPathTest" time="1.393" classname="com.jaemzware.UserPostHappyPath"/>
</testsuite> <!-- com.jaemzware.UserPostHappyPath -->
