<?xml version="1.0" encoding="UTF-8"?>
<!-- Generated by org.testng.reporters.JUnitReportReporter -->
<testsuite hostname="JAMESs-MacBook-Pro-2.local" failures="0" tests="1" name="com.jaemzware.BranchesGetAnonymousHappyPath" time="7.065" errors="0" timestamp="11 Jun 2023 19:03:50 GMT">
  <testcase classname="com.jaemzware.BranchesGetAnonymousHappyPath" name="BranchesGetAnonymousHappyPathTest" time="7.065"/>
</testsuite> <!-- com.jaemzware.BranchesGetAnonymousHappyPath -->
