<?xml version="1.0" encoding="UTF-8"?>
<!-- Generated by org.testng.reporters.JUnitReportReporter -->
<testsuite hostname="computer.local" name="com.jaemzware.UserGetHappyPath" tests="1" failures="0" timestamp="21 Jul 2017 17:22:57 GMT" time="0.422" errors="0">
  <testcase name="UserGetHappyPathTest" time="0.422" classname="com.jaemzware.UserGetHappyPath"/>
</testsuite> <!-- com.jaemzware.UserGetHappyPath -->
