<?xml version="1.0" encoding="UTF-8"?>
<!-- Generated by org.testng.reporters.JUnitReportReporter -->
<testsuite hostname="computer.local" name="com.jaemzware.ReposGetAnonymousHappyPath" tests="1" failures="0" timestamp="21 Jul 2017 17:22:57 GMT" time="0.753" errors="0">
  <testcase name="ReposGetAnonymousHappyPathTest" time="0.753" classname="com.jaemzware.ReposGetAnonymousHappyPath"/>
</testsuite> <!-- com.jaemzware.ReposGetAnonymousHappyPath -->
