<?xml version="1.0" encoding="UTF-8"?>
<!-- Generated by org.testng.reporters.JUnitReportReporter -->
<testsuite hostname="computer.local" name="com.jaemzware.UsersGetSpecificUserHappyPath" tests="1" failures="0" timestamp="21 Jul 2017 17:22:57 GMT" time="0.363" errors="0">
  <testcase name="UsersGetSpecificUserHappyPathTest" time="0.363" classname="com.jaemzware.UsersGetSpecificUserHappyPath"/>
</testsuite> <!-- com.jaemzware.UsersGetSpecificUserHappyPath -->
