<?xml version="1.0" encoding="UTF-8"?>
<!-- Generated by org.testng.reporters.JUnitReportReporter -->
<testsuite hostname="computer.local" name="com.jaemzware.BranchesGetAuthenticatedHappyPath" tests="1" failures="0" timestamp="21 Jul 2017 17:22:57 GMT" time="10.124" errors="0">
  <testcase name="BranchesGetAuthenticatedHappyPathTest" time="10.124" classname="com.jaemzware.BranchesGetAuthenticatedHappyPath"/>
</testsuite> <!-- com.jaemzware.BranchesGetAuthenticatedHappyPath -->
